<?xml version="1.0" encoding="UTF-8"?>
<testng-results ignored="0" total="1" passed="1" failed="0" skipped="0">
  <reporter-output>
  </reporter-output>
  <suite started-at="2023-07-11T17:41:00 IST" name="Default suite" finished-at="2023-07-11T17:41:00 IST" duration-ms="66">
    <groups>
    </groups>
    <test started-at="2023-07-11T17:41:00 IST" name="Default test" finished-at="2023-07-11T17:41:00 IST" duration-ms="66">
      <class name="gitPractice.git.Test1">
        <test-method signature="testCase1()[pri:0, instance:gitPractice.git.Test1@3349e9bb]" started-at="2023-07-11T17:41:00 IST" name="testCase1" finished-at="2023-07-11T17:41:00 IST" duration-ms="15" status="PASS">
          <reporter-output>
          </reporter-output>
        </test-method> <!-- testCase1 -->
      </class> <!-- gitPractice.git.Test1 -->
    </test> <!-- Default test -->
  </suite> <!-- Default suite -->
</testng-results>
